[helloweatherapp.com/index.html]
[backblue.gif]
[fade.gif]
[index.html]
[dmeliy86w2nwr.cloudfront.net/assets/marketing-0f5817f2eedbb6c7b359f538710c4ddcc5fd22b9faec45c3bf3fdd341ac0e3fd.css]
[dmeliy86w2nwr.cloudfront.net/assets/marketing-26c3fbfd03ebe116a16e72d14b8bcde137f47f9ff191c157d2b4287ff4820aad.js]
[use.typekit.net/dde2qbd.css]
[dmeliy86w2nwr.cloudfront.net/assets/marketing/hw-icon-192-15607b9c40af775c450345507e4bdb6f6ea6cc8a967fcc6e47453171632fccf5.png]
[helloweatherapp.com/contact.html]
[helloweatherapp.com/about.html]
[dmeliy86w2nwr.cloudfront.net/assets/marketing/home-hero-63bb01c8f8636cb612f0fc75ee249e642d22fc1c437e70e82ecc3fa59b39dcac.jpg]
[dmeliy86w2nwr.cloudfront.net/assets/marketing/app-store@2x-2e3c180c0e49857bffaa2642589d7bd5c83378436530d33ef507069788f210ac.png]
[dmeliy86w2nwr.cloudfront.net/assets/marketing/google-play@2x-21544a523121ecb17d2c1ec3d85f44447ea034849363337452d78b288cf15404.png]
[dmeliy86w2nwr.cloudfront.net/assets/icons/weather/thunderstorm-d9b93ccefbeb5b2aee9fbf67ec32f0d62c12a0a64ff2e9319d99ee39b42bf467.png]
[dmeliy86w2nwr.cloudfront.net/assets/icons/weather/partly-cloudy-5cda58cd4d2c4dd3f9a2132ffbd8cfd20b1111208e0045970a8f234981085d4f.png]
[dmeliy86w2nwr.cloudfront.net/assets/marketing/3.0/example-1-d6507d952d25c7db5e39da1415485c940b17f0945ebe80fff80408bed29f0484.png]
[dmeliy86w2nwr.cloudfront.net/assets/marketing/3.0/example-2-7f97255633aab4455c21be4c4115d23aa39420ea88955b0416987eb89b00fd70.png]
[dmeliy86w2nwr.cloudfront.net/assets/marketing/3.0/example-3-c6289727c5fb42044dac51d6b8afc2f2ce838b5ccb0c6cc6b66e8093a3ca1947.png]
[dmeliy86w2nwr.cloudfront.net/assets/marketing/3.0/example-4-afd9e6e72c1e898e777e76e2468dc5c9e24a013bb34d19f0b7f4805e65ce2174.png]
[dmeliy86w2nwr.cloudfront.net/assets/marketing/3.0/example-5-9b5824bfda5ac1f8b15e8d70b129fcb2cb98fa4ebed2ef8363b59d704ca310d9.png]
[dmeliy86w2nwr.cloudfront.net/assets/marketing/fanclub/3.0/radar-af028b6d523f349841906ec4f153f2815dad728255f396506281d31c31eda726.png]
[dmeliy86w2nwr.cloudfront.net/assets/marketing/fanclub/3.0/data-e361b99c2b1d2303fda9fce587446081fea3ae994174a76f92b2e258f0031979.png]
[dmeliy86w2nwr.cloudfront.net/assets/marketing/fanclub/3.0/precip-73e6a9c9bf9a1407a17baf9d8b7c5f9c7f09f9d110c0dbe6e74d3136210fbc7e.png]
[dmeliy86w2nwr.cloudfront.net/assets/marketing/fanclub/3.0/moon-c7762f4a4ae6ab0ade8bd5228cbff16bb6b2cff870417e509842fbac2f1ea0e4.png]
[dmeliy86w2nwr.cloudfront.net/assets/marketing/fanclub/3.0/icon-72a234f2952ae94779d6231aa92daeae8aedcfff488d72feeff3475ad1cd8ed1.png]
[dmeliy86w2nwr.cloudfront.net/assets/marketing/fanclub/3.0/notifications-9833bda56ab421c38f543369db4546e47418dae0a74463690b7e77d2fe350d22.png]
[dmeliy86w2nwr.cloudfront.net/assets/marketing/fanclub/3.0/heart-1a950634946b92acae79b09568a132f9b8768fec94186eced5fca1eb31f40f0d.png]
[dmeliy86w2nwr.cloudfront.net/assets/marketing/jonas-538f4547626211237a19c5b7759b6e9c60c0f9f6e24cb334360b91cb1745d68f.jpg]
[dmeliy86w2nwr.cloudfront.net/assets/marketing/trevor-038e3737dcaa62bf7b5929a012b338e770145b35c4550c52cfd7a71b563f6c6a.jpg]
[dmeliy86w2nwr.cloudfront.net/assets/marketing/dan-3147b29144a640ef8a626548b84dded336f22b78ea5d958c3f0eaec9a67fa6db.jpg]
[helloweatherapp.com/index.html]
[www.google-analytics.com/analytics.js]
[helloweatherapp.com/terms.html]
[dmeliy86w2nwr.cloudfront.net/assets/spinner-dark-3500cb4202fc82571e6154cbe021134cc108cd19d06f7f4a96505aa0980e0582.png]
[dmeliy86w2nwr.cloudfront.net/assets/marketing-0f5817f2eedbb6c7b359f538710c4ddcc5fd22b9faec45c3bf3fdd341ac0e3fd.css]
[use.typekit.net/af/eef83b/00000000000000003b9afb57/27/le196]
[use.typekit.net/af/eef83b/00000000000000003b9afb57/27/de196]
[use.typekit.net/af/eef83b/00000000000000003b9afb57/27/ae196]
[use.typekit.net/af/df268b/00000000000000003b9afb58/27/lfdcc]
[use.typekit.net/af/df268b/00000000000000003b9afb58/27/dfdcc]
[use.typekit.net/af/df268b/00000000000000003b9afb58/27/afdcc]
[use.typekit.net/af/7b001d/000000000000000000013506/27/l652f]
[use.typekit.net/af/7b001d/000000000000000000013506/27/d652f]
[use.typekit.net/af/7b001d/000000000000000000013506/27/a652f]
[use.typekit.net/af/4df522/000000000000000000013508/27/l7238]
[use.typekit.net/af/4df522/000000000000000000013508/27/d7238]
[use.typekit.net/af/4df522/000000000000000000013508/27/a7238]
[use.typekit.net/af/04bf92/000000000000000000013502/27/le196]
[use.typekit.net/af/04bf92/000000000000000000013502/27/de196]
[use.typekit.net/af/04bf92/000000000000000000013502/27/ae196]
[use.typekit.net/af/ed907f/00000000000000003b9aede7/27/le196]
[use.typekit.net/af/ed907f/00000000000000003b9aede7/27/de196]
[use.typekit.net/af/ed907f/00000000000000003b9aede7/27/ae196]
[use.typekit.net/af/93074c/00000000000000003b9aede9/27/l5bba]
[use.typekit.net/af/93074c/00000000000000003b9aede9/27/d5bba]
[use.typekit.net/af/93074c/00000000000000003b9aede9/27/a5bba]
[use.typekit.net/dde2qbd.css]
[helloweatherapp.com/contact.html]
[dmeliy86w2nwr.cloudfront.net/assets/marketing/team-574601038878a01f033c5df02b53f50bd0a3b69062b41eeac579ae93cabaa540.jpg]
[helloweatherapp.com/about.html]
[helloweatherapp.com/terms.html]
[p.typekit.net/p7993.css]
